<?xml version="1.0" encoding="UTF-8"?>
<!-- Generated by org.testng.reporters.JUnitReportReporter -->
<testsuite hostname="A-200" name="Test.company_test" tests="1" failures="0" timestamp="6 Mar 2015 02:52:49 GMT" time="22.624" errors="0">
  <testcase name="f" time="22.624" classname="Test.company_test"/>
</testsuite> <!-- Test.company_test -->
